2026-06-30T05:28:47Z INF Thank you for trying Cloudflare Tunnel. Doing so, without a Cloudflare account, is a quick way to experiment and try it out. However, be aware that these account-less Tunnels have no uptime guarantee, are subject to the Cloudflare Online Services Terms of Use (https://www.cloudflare.com/website-terms/), and Cloudflare reserves the right to investigate your use of Tunnels for violations of such terms. If you intend to use Tunnels in production you should use a pre-created named tunnel by following: https://developers.cloudflare.com/cloudflare-one/connections/connect-apps
2026-06-30T05:28:47Z INF Requesting new quick Tunnel on trycloudflare.com...
2026-06-30T05:28:51Z INF +--------------------------------------------------------------------------------------------+
2026-06-30T05:28:51Z INF |  Your quick Tunnel has been created! Visit it at (it may take some time to be reachable):  |
2026-06-30T05:28:51Z INF |  https://text-late-speaker-flexible.trycloudflare.com                                      |
2026-06-30T05:28:51Z INF +--------------------------------------------------------------------------------------------+
2026-06-30T05:28:51Z INF Cannot determine default configuration path. No file [config.yml config.yaml] in [~/.cloudflared ~/.cloudflare-warp ~/cloudflare-warp /etc/cloudflared /usr/local/etc/cloudflared]
2026-06-30T05:28:51Z INF Version 2026.6.1 (Checksum 5861a10a438fe8ddcfebb3b830f83966cbf193edafce0fe2eeb198fbae1f7a22)
2026-06-30T05:28:51Z INF GOOS: linux, GOVersion: go1.26.4, GoArch: amd64
2026-06-30T05:28:51Z INF Settings: map[ha-connections:1 no-autoupdate:true protocol:quic url:http://localhost:8080]
2026-06-30T05:28:51Z INF Generated Connector ID: 782fb8f5-8101-4ad8-a960-baac2a9f0cd0
2026-06-30T05:28:51Z INF Initial protocol quic
2026-06-30T05:28:51Z INF ICMP proxy will use 172.16.0.11 as source for IPv4
2026-06-30T05:28:51Z INF ICMP proxy will use fe80::4001:acff:fe10:b in zone enp0s12 as source for IPv6
2026/06/30 05:28:51 failed to sufficiently increase receive buffer size (was: 208 kiB, wanted: 7168 kiB, got: 416 kiB). See https://github.com/quic-go/quic-go/wiki/UDP-Buffer-Sizes for details.
2026-06-30T05:28:51Z INF ICMP proxy will use 172.16.0.11 as source for IPv4
2026-06-30T05:28:51Z INF ICMP proxy will use fe80::4001:acff:fe10:b in zone enp0s12 as source for IPv6
2026-06-30T05:28:51Z INF Tunnel connection curve preferences: [X25519MLKEM768 CurveID(65074) CurveP256] connIndex=0 event=0 ip=198.41.192.7
2026-06-30T05:28:51Z INF Starting metrics server on 127.0.0.1:20241/metrics
2026-06-30T05:28:51Z INF Registered tunnel connection connIndex=0 connection=6e39b418-cacd-498d-97af-9f89bd9793ff event=0 ip=198.41.192.7 location=iad16 protocol=quic
2026-06-30T05:28:57Z INF +-------------------------------------------------------------------------------------+
2026-06-30T05:28:57Z INF |                               CONNECTIVITY PRE-CHECKS                               |
2026-06-30T05:28:57Z INF +-------------------------------------------------------------------------------------+
2026-06-30T05:28:57Z INF |  COMPONENT         TARGET                     STATUS  DETAILS                       |
2026-06-30T05:28:57Z INF |  DNS Resolution    region1.v2.argotunnel.com  PASS    DNS Resolved successfully     |
2026-06-30T05:28:57Z INF |  DNS Resolution    region2.v2.argotunnel.com  PASS    DNS Resolved successfully     |
2026-06-30T05:28:57Z INF |  UDP Connectivity  region1.v2.argotunnel.com  PASS    QUIC connection successful    |
2026-06-30T05:28:57Z INF |  UDP Connectivity  region2.v2.argotunnel.com  PASS    QUIC connection successful    |
2026-06-30T05:28:57Z INF |  TCP Connectivity  region1.v2.argotunnel.com  PASS    HTTP/2 connection successful  |
2026-06-30T05:28:57Z INF |  TCP Connectivity  region2.v2.argotunnel.com  PASS    HTTP/2 connection successful  |
2026-06-30T05:28:57Z INF |  Cloudflare API    api.cloudflare.com:443     PASS    API is reachable              |
2026-06-30T05:28:57Z INF |                                                                                     |
2026-06-30T05:28:57Z INF |  SUMMARY: Environment is healthy. cloudflared will use 'quic' as primary protocol.  |
2026-06-30T05:28:57Z INF +-------------------------------------------------------------------------------------+
2026-06-30T05:28:57Z INF precheck component="DNS Resolution" details="DNS Resolved successfully" run_id=ea70722a-6e26-4601-941a-01a95cde9d0e status=pass target=region1.v2.argotunnel.com
2026-06-30T05:28:57Z INF precheck component="DNS Resolution" details="DNS Resolved successfully" run_id=ea70722a-6e26-4601-941a-01a95cde9d0e status=pass target=region2.v2.argotunnel.com
2026-06-30T05:28:57Z INF precheck component="UDP Connectivity" details="QUIC connection successful" run_id=ea70722a-6e26-4601-941a-01a95cde9d0e status=pass target=region1.v2.argotunnel.com
2026-06-30T05:28:57Z INF precheck component="UDP Connectivity" details="QUIC connection successful" run_id=ea70722a-6e26-4601-941a-01a95cde9d0e status=pass target=region2.v2.argotunnel.com
2026-06-30T05:28:57Z INF precheck component="TCP Connectivity" details="HTTP/2 connection successful" run_id=ea70722a-6e26-4601-941a-01a95cde9d0e status=pass target=region1.v2.argotunnel.com
2026-06-30T05:28:57Z INF precheck component="TCP Connectivity" details="HTTP/2 connection successful" run_id=ea70722a-6e26-4601-941a-01a95cde9d0e status=pass target=region2.v2.argotunnel.com
2026-06-30T05:28:57Z INF precheck component="Cloudflare API" details="API is reachable" run_id=ea70722a-6e26-4601-941a-01a95cde9d0e status=pass target=api.cloudflare.com:443
2026-06-30T05:28:57Z INF precheck complete hard_fail=false run_id=ea70722a-6e26-4601-941a-01a95cde9d0e suggested_protocol=quic
2026-07-02T07:38:27Z INF Initiating graceful shutdown due to signal terminated ...
2026-07-02T07:38:27Z ERR failed to run the datagram handler error="Application error 0x0 (remote)" connIndex=0 event=0 ip=198.41.192.7
2026-07-02T07:38:27Z ERR failed to serve tunnel connection error="accept stream listener encountered a failure while serving" connIndex=0 event=0 ip=198.41.192.7
2026-07-02T07:38:27Z ERR Serve tunnel error error="accept stream listener encountered a failure while serving" connIndex=0 event=0 ip=198.41.192.7
2026-07-02T07:38:27Z INF Retrying connection in up to 1s connIndex=0 event=0 ip=198.41.192.7
2026-07-02T07:38:27Z ERR Connection terminated connIndex=0
2026-07-02T07:38:27Z ERR no more connections active and exiting
2026-07-02T07:38:27Z INF Tunnel server stopped
2026-07-02T07:38:27Z INF Metrics server stopped
